2023-09-04 16:21:37 | Error   | 1     | Erreur: Unknown class, found &#039;ticket_request&#039; in: SELECT <span style="font-weight: bolder">ticket_request</span> WHERE service_id = 3 AND servicesubcategory_id = 18 AND id = :item_id. | IssueLog |||
2023-09-04 16:22:02 | Error   | 1     | Erreur: Unknown class, found &#039;ticket_request&#039; in: SELECT <span style="font-weight: bolder">ticket_request</span> WHERE service_id = 3 AND servicesubcategory_id = 18 AND id = :item_id. | IssueLog |||
2023-09-04 16:22:08 | Error   | 1     | Erreur: Unknown class, found &#039;ticket_request&#039; in: SELECT <span style="font-weight: bolder">ticket_request</span> WHERE service_id = 3 AND servicesubcategory_id = 18 AND id = :item_id. | IssueLog |||
2023-09-04 16:22:10 | Error   | 1     | Erreur: Unknown class, found &#039;ticket_request&#039; in: SELECT <span style="font-weight: bolder">ticket_request</span> WHERE service_id = 3 AND servicesubcategory_id = 18 AND id = :item_id. | IssueLog |||
2023-09-04 16:22:12 | Error   | 1     | Erreur: Unknown class, found &#039;ticket_request&#039; in: SELECT <span style="font-weight: bolder">ticket_request</span> WHERE service_id = 3 AND servicesubcategory_id = 18 AND id = :item_id. | IssueLog |||
2023-09-04 17:21:24 | Error   | 1     | Uncaught Error: Call to undefined method DBObjectSet::Get() in C:\xampp\htdocs\iTop-develop\web\env-production\itop-attachments\renderers.itop-attachments.php:586
Stack trace:
#0 C:\xampp\htdocs\iTop-develop\web\env-production\itop-attachments\renderers.itop-attachments.php(184): TableDetailsAttachmentsRenderer->AddAttachmentsListContent(false, false, Array, Array)
#1 C:\xampp\htdocs\iTop-develop\web\env-production\itop-attachments\main.itop-attachments.php(277): AbstractAttachmentsRenderer->RenderViewAttachmentsList()
#2 C:\xampp\htdocs\iTop-develop\web\env-production\itop-attachments\main.itop-attachments.php(40): AttachmentPlugIn->DisplayAttachments(Object(UserRequest), Object(iTopWebPage), false)
#3 C:\xampp\htdocs\iTop-develop\web\application\cmdbabstract.class.inc.php(863): AttachmentPlugIn->OnDisplayRelations(Object(UserRequest), Object(iTopWebPage), false)
#4 C:\xampp\htdocs\iTop-develop\web\env-production\itop-tickets\main.itop-tickets.php(280): cmdbAbstractObject->DisplayBareRelations(Object(iTopWeb | IssueLog |||
array (
  'type' => 1,
  'file' => 'C:\\xampp\\htdocs\\iTop-develop\\web\\env-production\\itop-attachments\\renderers.itop-attachments.php',
  'line' => 586,
)
2023-09-04 17:21:53 | Error   | 1     | Uncaught Error: Call to undefined method DBObjectSet::Get() in C:\xampp\htdocs\iTop-develop\web\env-production\itop-attachments\renderers.itop-attachments.php:586
Stack trace:
#0 C:\xampp\htdocs\iTop-develop\web\env-production\itop-attachments\renderers.itop-attachments.php(184): TableDetailsAttachmentsRenderer->AddAttachmentsListContent(false, false, Array, Array)
#1 C:\xampp\htdocs\iTop-develop\web\env-production\itop-attachments\main.itop-attachments.php(277): AbstractAttachmentsRenderer->RenderViewAttachmentsList()
#2 C:\xampp\htdocs\iTop-develop\web\env-production\itop-attachments\main.itop-attachments.php(40): AttachmentPlugIn->DisplayAttachments(Object(UserRequest), Object(iTopWebPage), false)
#3 C:\xampp\htdocs\iTop-develop\web\application\cmdbabstract.class.inc.php(863): AttachmentPlugIn->OnDisplayRelations(Object(UserRequest), Object(iTopWebPage), false)
#4 C:\xampp\htdocs\iTop-develop\web\env-production\itop-tickets\main.itop-tickets.php(280): cmdbAbstractObject->DisplayBareRelations(Object(iTopWeb | IssueLog |||
array (
  'type' => 1,
  'file' => 'C:\\xampp\\htdocs\\iTop-develop\\web\\env-production\\itop-attachments\\renderers.itop-attachments.php',
  'line' => 586,
)
2023-09-04 17:21:59 | Error   | 1     | Uncaught Error: Call to undefined method DBObjectSet::Get() in C:\xampp\htdocs\iTop-develop\web\env-production\itop-attachments\renderers.itop-attachments.php:586
Stack trace:
#0 C:\xampp\htdocs\iTop-develop\web\env-production\itop-attachments\renderers.itop-attachments.php(184): TableDetailsAttachmentsRenderer->AddAttachmentsListContent(false, false, Array, Array)
#1 C:\xampp\htdocs\iTop-develop\web\env-production\itop-attachments\main.itop-attachments.php(277): AbstractAttachmentsRenderer->RenderViewAttachmentsList()
#2 C:\xampp\htdocs\iTop-develop\web\env-production\itop-attachments\main.itop-attachments.php(40): AttachmentPlugIn->DisplayAttachments(Object(UserRequest), Object(iTopWebPage), false)
#3 C:\xampp\htdocs\iTop-develop\web\application\cmdbabstract.class.inc.php(863): AttachmentPlugIn->OnDisplayRelations(Object(UserRequest), Object(iTopWebPage), false)
#4 C:\xampp\htdocs\iTop-develop\web\env-production\itop-tickets\main.itop-tickets.php(280): cmdbAbstractObject->DisplayBareRelations(Object(iTopWeb | IssueLog |||
array (
  'type' => 1,
  'file' => 'C:\\xampp\\htdocs\\iTop-develop\\web\\env-production\\itop-attachments\\renderers.itop-attachments.php',
  'line' => 586,
)
2023-09-04 17:23:11 | Error   | 1     | Uncaught Error: Call to undefined method DBObjectSet::Get() in C:\xampp\htdocs\iTop-develop\web\env-production\itop-attachments\renderers.itop-attachments.php:586
Stack trace:
#0 C:\xampp\htdocs\iTop-develop\web\env-production\itop-attachments\renderers.itop-attachments.php(184): TableDetailsAttachmentsRenderer->AddAttachmentsListContent(false, false, Array, Array)
#1 C:\xampp\htdocs\iTop-develop\web\env-production\itop-attachments\main.itop-attachments.php(277): AbstractAttachmentsRenderer->RenderViewAttachmentsList()
#2 C:\xampp\htdocs\iTop-develop\web\env-production\itop-attachments\main.itop-attachments.php(40): AttachmentPlugIn->DisplayAttachments(Object(UserRequest), Object(iTopWebPage), false)
#3 C:\xampp\htdocs\iTop-develop\web\application\cmdbabstract.class.inc.php(863): AttachmentPlugIn->OnDisplayRelations(Object(UserRequest), Object(iTopWebPage), false)
#4 C:\xampp\htdocs\iTop-develop\web\env-production\itop-tickets\main.itop-tickets.php(280): cmdbAbstractObject->DisplayBareRelations(Object(iTopWeb | IssueLog |||
array (
  'type' => 1,
  'file' => 'C:\\xampp\\htdocs\\iTop-develop\\web\\env-production\\itop-attachments\\renderers.itop-attachments.php',
  'line' => 586,
)
2023-09-04 17:23:20 | Error   | 1     | Uncaught Error: Call to undefined method DBObjectSet::Get() in C:\xampp\htdocs\iTop-develop\web\env-production\itop-attachments\renderers.itop-attachments.php:586
Stack trace:
#0 C:\xampp\htdocs\iTop-develop\web\env-production\itop-attachments\renderers.itop-attachments.php(184): TableDetailsAttachmentsRenderer->AddAttachmentsListContent(false, false, Array, Array)
#1 C:\xampp\htdocs\iTop-develop\web\env-production\itop-attachments\main.itop-attachments.php(277): AbstractAttachmentsRenderer->RenderViewAttachmentsList()
#2 C:\xampp\htdocs\iTop-develop\web\env-production\itop-attachments\main.itop-attachments.php(40): AttachmentPlugIn->DisplayAttachments(Object(UserRequest), Object(iTopWebPage), false)
#3 C:\xampp\htdocs\iTop-develop\web\application\cmdbabstract.class.inc.php(863): AttachmentPlugIn->OnDisplayRelations(Object(UserRequest), Object(iTopWebPage), false)
#4 C:\xampp\htdocs\iTop-develop\web\env-production\itop-tickets\main.itop-tickets.php(280): cmdbAbstractObject->DisplayBareRelations(Object(iTopWeb | IssueLog |||
array (
  'type' => 1,
  'file' => 'C:\\xampp\\htdocs\\iTop-develop\\web\\env-production\\itop-attachments\\renderers.itop-attachments.php',
  'line' => 586,
)
2023-09-04 17:32:59 | Error   | 1     | Error: Unexpected token NAME, found &#039;LEFT&#039; in: SELECT UserRequest AS U <span style="font-weight: bolder">LEFT</span> JOIN Attachment AS A ON A.item_id=U.id. | IssueLog |||
2023-09-04 17:34:11 | Error   | 1     | Uncaught Error: Call to a member function Get() on null in C:\xampp\htdocs\iTop-develop\web\env-production\itop-attachments\renderers.itop-attachments.php:586
Stack trace:
#0 C:\xampp\htdocs\iTop-develop\web\env-production\itop-attachments\renderers.itop-attachments.php(184): TableDetailsAttachmentsRenderer->AddAttachmentsListContent(false, false, Array, Array)
#1 C:\xampp\htdocs\iTop-develop\web\env-production\itop-attachments\main.itop-attachments.php(277): AbstractAttachmentsRenderer->RenderViewAttachmentsList()
#2 C:\xampp\htdocs\iTop-develop\web\env-production\itop-attachments\main.itop-attachments.php(40): AttachmentPlugIn->DisplayAttachments(Object(UserRequest), Object(iTopWebPage), false)
#3 C:\xampp\htdocs\iTop-develop\web\application\cmdbabstract.class.inc.php(863): AttachmentPlugIn->OnDisplayRelations(Object(UserRequest), Object(iTopWebPage), false)
#4 C:\xampp\htdocs\iTop-develop\web\env-production\itop-tickets\main.itop-tickets.php(280): cmdbAbstractObject->DisplayBareRelations(Object(iTopWebPage | IssueLog |||
array (
  'type' => 1,
  'file' => 'C:\\xampp\\htdocs\\iTop-develop\\web\\env-production\\itop-attachments\\renderers.itop-attachments.php',
  'line' => 586,
)
2023-09-04 17:35:16 | Error   | 1     | Uncaught Error: Call to a member function Get() on null in C:\xampp\htdocs\iTop-develop\web\env-production\itop-attachments\renderers.itop-attachments.php:587
Stack trace:
#0 C:\xampp\htdocs\iTop-develop\web\env-production\itop-attachments\renderers.itop-attachments.php(184): TableDetailsAttachmentsRenderer->AddAttachmentsListContent(false, false, Array, Array)
#1 C:\xampp\htdocs\iTop-develop\web\env-production\itop-attachments\main.itop-attachments.php(277): AbstractAttachmentsRenderer->RenderViewAttachmentsList()
#2 C:\xampp\htdocs\iTop-develop\web\env-production\itop-attachments\main.itop-attachments.php(40): AttachmentPlugIn->DisplayAttachments(Object(UserRequest), Object(iTopWebPage), false)
#3 C:\xampp\htdocs\iTop-develop\web\application\cmdbabstract.class.inc.php(863): AttachmentPlugIn->OnDisplayRelations(Object(UserRequest), Object(iTopWebPage), false)
#4 C:\xampp\htdocs\iTop-develop\web\env-production\itop-tickets\main.itop-tickets.php(280): cmdbAbstractObject->DisplayBareRelations(Object(iTopWebPage | IssueLog |||
array (
  'type' => 1,
  'file' => 'C:\\xampp\\htdocs\\iTop-develop\\web\\env-production\\itop-attachments\\renderers.itop-attachments.php',
  'line' => 587,
)
2023-09-04 17:35:20 | Error   | 1     | Uncaught Error: Call to a member function Get() on null in C:\xampp\htdocs\iTop-develop\web\env-production\itop-attachments\renderers.itop-attachments.php:587
Stack trace:
#0 C:\xampp\htdocs\iTop-develop\web\env-production\itop-attachments\renderers.itop-attachments.php(184): TableDetailsAttachmentsRenderer->AddAttachmentsListContent(false, false, Array, Array)
#1 C:\xampp\htdocs\iTop-develop\web\env-production\itop-attachments\main.itop-attachments.php(277): AbstractAttachmentsRenderer->RenderViewAttachmentsList()
#2 C:\xampp\htdocs\iTop-develop\web\env-production\itop-attachments\main.itop-attachments.php(40): AttachmentPlugIn->DisplayAttachments(Object(UserRequest), Object(iTopWebPage), false)
#3 C:\xampp\htdocs\iTop-develop\web\application\cmdbabstract.class.inc.php(863): AttachmentPlugIn->OnDisplayRelations(Object(UserRequest), Object(iTopWebPage), false)
#4 C:\xampp\htdocs\iTop-develop\web\env-production\itop-tickets\main.itop-tickets.php(280): cmdbAbstractObject->DisplayBareRelations(Object(iTopWebPage | IssueLog |||
array (
  'type' => 1,
  'file' => 'C:\\xampp\\htdocs\\iTop-develop\\web\\env-production\\itop-attachments\\renderers.itop-attachments.php',
  'line' => 587,
)
2023-09-04 17:35:25 | Error   | 1     | Uncaught Error: Call to a member function Get() on null in C:\xampp\htdocs\iTop-develop\web\env-production\itop-attachments\renderers.itop-attachments.php:587
Stack trace:
#0 C:\xampp\htdocs\iTop-develop\web\env-production\itop-attachments\renderers.itop-attachments.php(184): TableDetailsAttachmentsRenderer->AddAttachmentsListContent(false, false, Array, Array)
#1 C:\xampp\htdocs\iTop-develop\web\env-production\itop-attachments\main.itop-attachments.php(277): AbstractAttachmentsRenderer->RenderViewAttachmentsList()
#2 C:\xampp\htdocs\iTop-develop\web\env-production\itop-attachments\main.itop-attachments.php(40): AttachmentPlugIn->DisplayAttachments(Object(UserRequest), Object(iTopWebPage), false)
#3 C:\xampp\htdocs\iTop-develop\web\application\cmdbabstract.class.inc.php(863): AttachmentPlugIn->OnDisplayRelations(Object(UserRequest), Object(iTopWebPage), false)
#4 C:\xampp\htdocs\iTop-develop\web\env-production\itop-tickets\main.itop-tickets.php(280): cmdbAbstractObject->DisplayBareRelations(Object(iTopWebPage | IssueLog |||
array (
  'type' => 1,
  'file' => 'C:\\xampp\\htdocs\\iTop-develop\\web\\env-production\\itop-attachments\\renderers.itop-attachments.php',
  'line' => 587,
)
2023-09-04 17:35:39 | Error   | 1     | Uncaught Error: Call to a member function Get() on null in C:\xampp\htdocs\iTop-develop\web\env-production\itop-attachments\renderers.itop-attachments.php:587
Stack trace:
#0 C:\xampp\htdocs\iTop-develop\web\env-production\itop-attachments\renderers.itop-attachments.php(184): TableDetailsAttachmentsRenderer->AddAttachmentsListContent(false, false, Array, Array)
#1 C:\xampp\htdocs\iTop-develop\web\env-production\itop-attachments\main.itop-attachments.php(277): AbstractAttachmentsRenderer->RenderViewAttachmentsList()
#2 C:\xampp\htdocs\iTop-develop\web\env-production\itop-attachments\main.itop-attachments.php(40): AttachmentPlugIn->DisplayAttachments(Object(UserRequest), Object(iTopWebPage), false)
#3 C:\xampp\htdocs\iTop-develop\web\application\cmdbabstract.class.inc.php(863): AttachmentPlugIn->OnDisplayRelations(Object(UserRequest), Object(iTopWebPage), false)
#4 C:\xampp\htdocs\iTop-develop\web\env-production\itop-tickets\main.itop-tickets.php(280): cmdbAbstractObject->DisplayBareRelations(Object(iTopWebPage | IssueLog |||
array (
  'type' => 1,
  'file' => 'C:\\xampp\\htdocs\\iTop-develop\\web\\env-production\\itop-attachments\\renderers.itop-attachments.php',
  'line' => 587,
)
2023-09-04 17:37:15 | Error   | 1     | Uncaught Error: Call to undefined method DBObjectSet::Get() in C:\xampp\htdocs\iTop-develop\web\env-production\itop-attachments\renderers.itop-attachments.php:587
Stack trace:
#0 C:\xampp\htdocs\iTop-develop\web\env-production\itop-attachments\renderers.itop-attachments.php(184): TableDetailsAttachmentsRenderer->AddAttachmentsListContent(false, false, Array, Array)
#1 C:\xampp\htdocs\iTop-develop\web\env-production\itop-attachments\main.itop-attachments.php(277): AbstractAttachmentsRenderer->RenderViewAttachmentsList()
#2 C:\xampp\htdocs\iTop-develop\web\env-production\itop-attachments\main.itop-attachments.php(40): AttachmentPlugIn->DisplayAttachments(Object(UserRequest), Object(iTopWebPage), false)
#3 C:\xampp\htdocs\iTop-develop\web\application\cmdbabstract.class.inc.php(863): AttachmentPlugIn->OnDisplayRelations(Object(UserRequest), Object(iTopWebPage), false)
#4 C:\xampp\htdocs\iTop-develop\web\env-production\itop-tickets\main.itop-tickets.php(280): cmdbAbstractObject->DisplayBareRelations(Object(iTopWeb | IssueLog |||
array (
  'type' => 1,
  'file' => 'C:\\xampp\\htdocs\\iTop-develop\\web\\env-production\\itop-attachments\\renderers.itop-attachments.php',
  'line' => 587,
)
2023-09-04 17:37:40 | Error   | 1     | Uncaught Error: Call to undefined method DBObjectSet::Get() in C:\xampp\htdocs\iTop-develop\web\env-production\itop-attachments\renderers.itop-attachments.php:586
Stack trace:
#0 C:\xampp\htdocs\iTop-develop\web\env-production\itop-attachments\renderers.itop-attachments.php(184): TableDetailsAttachmentsRenderer->AddAttachmentsListContent(false, false, Array, Array)
#1 C:\xampp\htdocs\iTop-develop\web\env-production\itop-attachments\main.itop-attachments.php(277): AbstractAttachmentsRenderer->RenderViewAttachmentsList()
#2 C:\xampp\htdocs\iTop-develop\web\env-production\itop-attachments\main.itop-attachments.php(40): AttachmentPlugIn->DisplayAttachments(Object(UserRequest), Object(iTopWebPage), false)
#3 C:\xampp\htdocs\iTop-develop\web\application\cmdbabstract.class.inc.php(863): AttachmentPlugIn->OnDisplayRelations(Object(UserRequest), Object(iTopWebPage), false)
#4 C:\xampp\htdocs\iTop-develop\web\env-production\itop-tickets\main.itop-tickets.php(280): cmdbAbstractObject->DisplayBareRelations(Object(iTopWeb | IssueLog |||
array (
  'type' => 1,
  'file' => 'C:\\xampp\\htdocs\\iTop-develop\\web\\env-production\\itop-attachments\\renderers.itop-attachments.php',
  'line' => 586,
)
2023-09-04 17:37:53 | Error   | 1     | Uncaught Error: Call to undefined method DBObjectSet::Get() in C:\xampp\htdocs\iTop-develop\web\env-production\itop-attachments\renderers.itop-attachments.php:586
Stack trace:
#0 C:\xampp\htdocs\iTop-develop\web\env-production\itop-attachments\renderers.itop-attachments.php(184): TableDetailsAttachmentsRenderer->AddAttachmentsListContent(false, false, Array, Array)
#1 C:\xampp\htdocs\iTop-develop\web\env-production\itop-attachments\main.itop-attachments.php(277): AbstractAttachmentsRenderer->RenderViewAttachmentsList()
#2 C:\xampp\htdocs\iTop-develop\web\env-production\itop-attachments\main.itop-attachments.php(40): AttachmentPlugIn->DisplayAttachments(Object(UserRequest), Object(iTopWebPage), false)
#3 C:\xampp\htdocs\iTop-develop\web\application\cmdbabstract.class.inc.php(863): AttachmentPlugIn->OnDisplayRelations(Object(UserRequest), Object(iTopWebPage), false)
#4 C:\xampp\htdocs\iTop-develop\web\env-production\itop-tickets\main.itop-tickets.php(280): cmdbAbstractObject->DisplayBareRelations(Object(iTopWeb | IssueLog |||
array (
  'type' => 1,
  'file' => 'C:\\xampp\\htdocs\\iTop-develop\\web\\env-production\\itop-attachments\\renderers.itop-attachments.php',
  'line' => 586,
)
2023-09-04 17:39:19 | Error   | 1     | Uncaught Error: Call to a member function Get() on null in C:\xampp\htdocs\iTop-develop\web\env-production\itop-attachments\renderers.itop-attachments.php:586
Stack trace:
#0 C:\xampp\htdocs\iTop-develop\web\env-production\itop-attachments\renderers.itop-attachments.php(184): TableDetailsAttachmentsRenderer->AddAttachmentsListContent(false, false, Array, Array)
#1 C:\xampp\htdocs\iTop-develop\web\env-production\itop-attachments\main.itop-attachments.php(277): AbstractAttachmentsRenderer->RenderViewAttachmentsList()
#2 C:\xampp\htdocs\iTop-develop\web\env-production\itop-attachments\main.itop-attachments.php(40): AttachmentPlugIn->DisplayAttachments(Object(UserRequest), Object(iTopWebPage), false)
#3 C:\xampp\htdocs\iTop-develop\web\application\cmdbabstract.class.inc.php(863): AttachmentPlugIn->OnDisplayRelations(Object(UserRequest), Object(iTopWebPage), false)
#4 C:\xampp\htdocs\iTop-develop\web\env-production\itop-tickets\main.itop-tickets.php(280): cmdbAbstractObject->DisplayBareRelations(Object(iTopWebPage | IssueLog |||
array (
  'type' => 1,
  'file' => 'C:\\xampp\\htdocs\\iTop-develop\\web\\env-production\\itop-attachments\\renderers.itop-attachments.php',
  'line' => 586,
)
2023-09-04 17:39:35 | Error   | 1     | Uncaught Error: Call to a member function Get() on null in C:\xampp\htdocs\iTop-develop\web\env-production\itop-attachments\renderers.itop-attachments.php:586
Stack trace:
#0 C:\xampp\htdocs\iTop-develop\web\env-production\itop-attachments\renderers.itop-attachments.php(184): TableDetailsAttachmentsRenderer->AddAttachmentsListContent(false, false, Array, Array)
#1 C:\xampp\htdocs\iTop-develop\web\env-production\itop-attachments\main.itop-attachments.php(277): AbstractAttachmentsRenderer->RenderViewAttachmentsList()
#2 C:\xampp\htdocs\iTop-develop\web\env-production\itop-attachments\main.itop-attachments.php(40): AttachmentPlugIn->DisplayAttachments(Object(UserRequest), Object(iTopWebPage), false)
#3 C:\xampp\htdocs\iTop-develop\web\application\cmdbabstract.class.inc.php(863): AttachmentPlugIn->OnDisplayRelations(Object(UserRequest), Object(iTopWebPage), false)
#4 C:\xampp\htdocs\iTop-develop\web\env-production\itop-tickets\main.itop-tickets.php(280): cmdbAbstractObject->DisplayBareRelations(Object(iTopWebPage | IssueLog |||
array (
  'type' => 1,
  'file' => 'C:\\xampp\\htdocs\\iTop-develop\\web\\env-production\\itop-attachments\\renderers.itop-attachments.php',
  'line' => 586,
)
2023-09-04 17:40:54 | Error   | 1     | Uncaught Error: Call to a member function Get() on null in C:\xampp\htdocs\iTop-develop\web\env-production\itop-attachments\renderers.itop-attachments.php:586
Stack trace:
#0 C:\xampp\htdocs\iTop-develop\web\env-production\itop-attachments\renderers.itop-attachments.php(184): TableDetailsAttachmentsRenderer->AddAttachmentsListContent(false, false, Array, Array)
#1 C:\xampp\htdocs\iTop-develop\web\env-production\itop-attachments\main.itop-attachments.php(277): AbstractAttachmentsRenderer->RenderViewAttachmentsList()
#2 C:\xampp\htdocs\iTop-develop\web\env-production\itop-attachments\main.itop-attachments.php(40): AttachmentPlugIn->DisplayAttachments(Object(UserRequest), Object(iTopWebPage), false)
#3 C:\xampp\htdocs\iTop-develop\web\application\cmdbabstract.class.inc.php(863): AttachmentPlugIn->OnDisplayRelations(Object(UserRequest), Object(iTopWebPage), false)
#4 C:\xampp\htdocs\iTop-develop\web\env-production\itop-tickets\main.itop-tickets.php(280): cmdbAbstractObject->DisplayBareRelations(Object(iTopWebPage | IssueLog |||
array (
  'type' => 1,
  'file' => 'C:\\xampp\\htdocs\\iTop-develop\\web\\env-production\\itop-attachments\\renderers.itop-attachments.php',
  'line' => 586,
)
2023-09-04 17:56:40 | Error   | 1     | Uncaught Error: Call to undefined method DBObjectSet::Get() in C:\xampp\htdocs\iTop-develop\web\env-production\itop-attachments\renderers.itop-attachments.php:586
Stack trace:
#0 C:\xampp\htdocs\iTop-develop\web\env-production\itop-attachments\renderers.itop-attachments.php(184): TableDetailsAttachmentsRenderer->AddAttachmentsListContent(false, false, Array, Array)
#1 C:\xampp\htdocs\iTop-develop\web\env-production\itop-attachments\main.itop-attachments.php(277): AbstractAttachmentsRenderer->RenderViewAttachmentsList()
#2 C:\xampp\htdocs\iTop-develop\web\env-production\itop-attachments\main.itop-attachments.php(40): AttachmentPlugIn->DisplayAttachments(Object(UserRequest), Object(iTopWebPage), false)
#3 C:\xampp\htdocs\iTop-develop\web\application\cmdbabstract.class.inc.php(863): AttachmentPlugIn->OnDisplayRelations(Object(UserRequest), Object(iTopWebPage), false)
#4 C:\xampp\htdocs\iTop-develop\web\env-production\itop-tickets\main.itop-tickets.php(280): cmdbAbstractObject->DisplayBareRelations(Object(iTopWeb | IssueLog |||
array (
  'type' => 1,
  'file' => 'C:\\xampp\\htdocs\\iTop-develop\\web\\env-production\\itop-attachments\\renderers.itop-attachments.php',
  'line' => 586,
)
2023-09-04 17:56:45 | Error   | 1     | Uncaught Error: Call to undefined method DBObjectSet::Get() in C:\xampp\htdocs\iTop-develop\web\env-production\itop-attachments\renderers.itop-attachments.php:586
Stack trace:
#0 C:\xampp\htdocs\iTop-develop\web\env-production\itop-attachments\renderers.itop-attachments.php(184): TableDetailsAttachmentsRenderer->AddAttachmentsListContent(false, false, Array, Array)
#1 C:\xampp\htdocs\iTop-develop\web\env-production\itop-attachments\main.itop-attachments.php(277): AbstractAttachmentsRenderer->RenderViewAttachmentsList()
#2 C:\xampp\htdocs\iTop-develop\web\env-production\itop-attachments\main.itop-attachments.php(40): AttachmentPlugIn->DisplayAttachments(Object(UserRequest), Object(iTopWebPage), false)
#3 C:\xampp\htdocs\iTop-develop\web\application\cmdbabstract.class.inc.php(863): AttachmentPlugIn->OnDisplayRelations(Object(UserRequest), Object(iTopWebPage), false)
#4 C:\xampp\htdocs\iTop-develop\web\env-production\itop-tickets\main.itop-tickets.php(280): cmdbAbstractObject->DisplayBareRelations(Object(iTopWeb | IssueLog |||
array (
  'type' => 1,
  'file' => 'C:\\xampp\\htdocs\\iTop-develop\\web\\env-production\\itop-attachments\\renderers.itop-attachments.php',
  'line' => 586,
)
2023-09-04 17:57:49 | Error   | 1     | Uncaught Error: Call to a member function Get() on null in C:\xampp\htdocs\iTop-develop\web\env-production\itop-attachments\renderers.itop-attachments.php:586
Stack trace:
#0 C:\xampp\htdocs\iTop-develop\web\env-production\itop-attachments\renderers.itop-attachments.php(184): TableDetailsAttachmentsRenderer->AddAttachmentsListContent(false, false, Array, Array)
#1 C:\xampp\htdocs\iTop-develop\web\env-production\itop-attachments\main.itop-attachments.php(277): AbstractAttachmentsRenderer->RenderViewAttachmentsList()
#2 C:\xampp\htdocs\iTop-develop\web\env-production\itop-attachments\main.itop-attachments.php(40): AttachmentPlugIn->DisplayAttachments(Object(UserRequest), Object(iTopWebPage), false)
#3 C:\xampp\htdocs\iTop-develop\web\application\cmdbabstract.class.inc.php(863): AttachmentPlugIn->OnDisplayRelations(Object(UserRequest), Object(iTopWebPage), false)
#4 C:\xampp\htdocs\iTop-develop\web\env-production\itop-tickets\main.itop-tickets.php(280): cmdbAbstractObject->DisplayBareRelations(Object(iTopWebPage | IssueLog |||
array (
  'type' => 1,
  'file' => 'C:\\xampp\\htdocs\\iTop-develop\\web\\env-production\\itop-attachments\\renderers.itop-attachments.php',
  'line' => 586,
)
2023-09-04 17:57:54 | Error   | 1     | Uncaught Error: Call to a member function Get() on null in C:\xampp\htdocs\iTop-develop\web\env-production\itop-attachments\renderers.itop-attachments.php:586
Stack trace:
#0 C:\xampp\htdocs\iTop-develop\web\env-production\itop-attachments\renderers.itop-attachments.php(184): TableDetailsAttachmentsRenderer->AddAttachmentsListContent(false, false, Array, Array)
#1 C:\xampp\htdocs\iTop-develop\web\env-production\itop-attachments\main.itop-attachments.php(277): AbstractAttachmentsRenderer->RenderViewAttachmentsList()
#2 C:\xampp\htdocs\iTop-develop\web\env-production\itop-attachments\main.itop-attachments.php(40): AttachmentPlugIn->DisplayAttachments(Object(UserRequest), Object(iTopWebPage), false)
#3 C:\xampp\htdocs\iTop-develop\web\application\cmdbabstract.class.inc.php(863): AttachmentPlugIn->OnDisplayRelations(Object(UserRequest), Object(iTopWebPage), false)
#4 C:\xampp\htdocs\iTop-develop\web\env-production\itop-tickets\main.itop-tickets.php(280): cmdbAbstractObject->DisplayBareRelations(Object(iTopWebPage | IssueLog |||
array (
  'type' => 1,
  'file' => 'C:\\xampp\\htdocs\\iTop-develop\\web\\env-production\\itop-attachments\\renderers.itop-attachments.php',
  'line' => 586,
)
2023-09-04 17:58:28 | Error   | 1     | Uncaught Error: Call to a member function Get() on null in C:\xampp\htdocs\iTop-develop\web\env-production\itop-attachments\renderers.itop-attachments.php:586
Stack trace:
#0 C:\xampp\htdocs\iTop-develop\web\env-production\itop-attachments\renderers.itop-attachments.php(184): TableDetailsAttachmentsRenderer->AddAttachmentsListContent(false, false, Array, Array)
#1 C:\xampp\htdocs\iTop-develop\web\env-production\itop-attachments\main.itop-attachments.php(277): AbstractAttachmentsRenderer->RenderViewAttachmentsList()
#2 C:\xampp\htdocs\iTop-develop\web\env-production\itop-attachments\main.itop-attachments.php(40): AttachmentPlugIn->DisplayAttachments(Object(UserRequest), Object(iTopWebPage), false)
#3 C:\xampp\htdocs\iTop-develop\web\application\cmdbabstract.class.inc.php(863): AttachmentPlugIn->OnDisplayRelations(Object(UserRequest), Object(iTopWebPage), false)
#4 C:\xampp\htdocs\iTop-develop\web\env-production\itop-tickets\main.itop-tickets.php(280): cmdbAbstractObject->DisplayBareRelations(Object(iTopWebPage | IssueLog |||
array (
  'type' => 1,
  'file' => 'C:\\xampp\\htdocs\\iTop-develop\\web\\env-production\\itop-attachments\\renderers.itop-attachments.php',
  'line' => 586,
)
2023-09-04 18:00:14 | Error   | 1     | Uncaught Error: Call to a member function Get() on null in C:\xampp\htdocs\iTop-develop\web\env-production\itop-attachments\renderers.itop-attachments.php:586
Stack trace:
#0 C:\xampp\htdocs\iTop-develop\web\env-production\itop-attachments\renderers.itop-attachments.php(184): TableDetailsAttachmentsRenderer->AddAttachmentsListContent(false, false, Array, Array)
#1 C:\xampp\htdocs\iTop-develop\web\env-production\itop-attachments\main.itop-attachments.php(277): AbstractAttachmentsRenderer->RenderViewAttachmentsList()
#2 C:\xampp\htdocs\iTop-develop\web\env-production\itop-attachments\main.itop-attachments.php(40): AttachmentPlugIn->DisplayAttachments(Object(UserRequest), Object(iTopWebPage), false)
#3 C:\xampp\htdocs\iTop-develop\web\application\cmdbabstract.class.inc.php(863): AttachmentPlugIn->OnDisplayRelations(Object(UserRequest), Object(iTopWebPage), false)
#4 C:\xampp\htdocs\iTop-develop\web\env-production\itop-tickets\main.itop-tickets.php(280): cmdbAbstractObject->DisplayBareRelations(Object(iTopWebPage | IssueLog |||
array (
  'type' => 1,
  'file' => 'C:\\xampp\\htdocs\\iTop-develop\\web\\env-production\\itop-attachments\\renderers.itop-attachments.php',
  'line' => 586,
)
2023-09-04 18:08:22 | Error   | 1     | Uncaught Error: Call to a member function Get() on null in C:\xampp\htdocs\iTop-develop\web\env-production\itop-attachments\renderers.itop-attachments.php:683
Stack trace:
#0 C:\xampp\htdocs\iTop-develop\web\env-production\itop-attachments\renderers.itop-attachments.php(599): TableDetailsAttachmentsRenderer->AddAttachmentsTableLine(false, false, true, Object(Attachment), Array, Array, Array)
#1 C:\xampp\htdocs\iTop-develop\web\env-production\itop-attachments\renderers.itop-attachments.php(184): TableDetailsAttachmentsRenderer->AddAttachmentsListContent(false, false, Array, Array)
#2 C:\xampp\htdocs\iTop-develop\web\env-production\itop-attachments\main.itop-attachments.php(277): AbstractAttachmentsRenderer->RenderViewAttachmentsList()
#3 C:\xampp\htdocs\iTop-develop\web\env-production\itop-attachments\main.itop-attachments.php(40): AttachmentPlugIn->DisplayAttachments(Object(UserRequest), Object(iTopWebPage), false)
#4 C:\xampp\htdocs\iTop-develop\web\application\cmdbabstract.class.inc.php(863): AttachmentPlug | IssueLog |||
array (
  'type' => 1,
  'file' => 'C:\\xampp\\htdocs\\iTop-develop\\web\\env-production\\itop-attachments\\renderers.itop-attachments.php',
  'line' => 683,
)
2023-09-04 18:09:10 | Error   | 1     | Uncaught Error: Call to a member function Get() on null in C:\xampp\htdocs\iTop-develop\web\env-production\itop-attachments\renderers.itop-attachments.php:683
Stack trace:
#0 C:\xampp\htdocs\iTop-develop\web\env-production\itop-attachments\renderers.itop-attachments.php(599): TableDetailsAttachmentsRenderer->AddAttachmentsTableLine(false, false, true, Object(Attachment), Array, Array, Array)
#1 C:\xampp\htdocs\iTop-develop\web\env-production\itop-attachments\renderers.itop-attachments.php(184): TableDetailsAttachmentsRenderer->AddAttachmentsListContent(false, false, Array, Array)
#2 C:\xampp\htdocs\iTop-develop\web\env-production\itop-attachments\main.itop-attachments.php(277): AbstractAttachmentsRenderer->RenderViewAttachmentsList()
#3 C:\xampp\htdocs\iTop-develop\web\env-production\itop-attachments\main.itop-attachments.php(40): AttachmentPlugIn->DisplayAttachments(Object(UserRequest), Object(iTopWebPage), false)
#4 C:\xampp\htdocs\iTop-develop\web\application\cmdbabstract.class.inc.php(863): AttachmentPlug | IssueLog |||
array (
  'type' => 1,
  'file' => 'C:\\xampp\\htdocs\\iTop-develop\\web\\env-production\\itop-attachments\\renderers.itop-attachments.php',
  'line' => 683,
)
2023-09-04 18:10:27 | Error   | 1     | Unexpected value for attribute 'Attachment type' (type_attachment) : Null not allowed: issues = {0=>Unexpected value for attribute 'Attachment type' (type_attachment) : Null not allowed}, class = Attachment, id =  | IssueLog |||
2023-09-04 18:11:45 | Error   | 1     | Unexpected value for attribute 'Attachment type' (type_attachment) : Null not allowed: issues = {0=>Unexpected value for attribute 'Attachment type' (type_attachment) : Null not allowed}, class = Attachment, id =  | IssueLog |||
2023-09-04 18:16:05 | Error   | 1     | Unexpected value for attribute 'Attachment type' (type_attachment) : Null not allowed: issues = {0=>Unexpected value for attribute 'Attachment type' (type_attachment) : Null not allowed}, class = Attachment, id =  | IssueLog |||
2023-09-04 18:18:39 | Error   | 1     | Unexpected value for attribute 'Attachment type' (type_attachment) : Null not allowed: issues = {0=>Unexpected value for attribute 'Attachment type' (type_attachment) : Null not allowed}, class = Attachment, id =  | IssueLog |||
2023-09-05 11:17:13 | Error   | 1     | Uncaught Error: Call to a member function Get() on null in C:\xampp\htdocs\iTop-develop\web\env-production\itop-attachments\renderers.itop-attachments.php:553
Stack trace:
#0 C:\xampp\htdocs\iTop-develop\web\env-production\itop-attachments\renderers.itop-attachments.php(164): TableDetailsAttachmentsRenderer->AddAttachmentsListContent(true, true, Array, Array)
#1 C:\xampp\htdocs\iTop-develop\web\env-production\itop-attachments\main.itop-attachments.php(273): AbstractAttachmentsRenderer->RenderEditAttachmentsList()
#2 C:\xampp\htdocs\iTop-develop\web\env-production\itop-attachments\main.itop-attachments.php(40): AttachmentPlugIn->DisplayAttachments(Object(UserRequest), Object(iTopWebPage), true)
#3 C:\xampp\htdocs\iTop-develop\web\application\cmdbabstract.class.inc.php(863): AttachmentPlugIn->OnDisplayRelations(Object(UserRequest), Object(iTopWebPage), true)
#4 C:\xampp\htdocs\iTop-develop\web\env-production\itop-tickets\main.itop-tickets.php(280): cmdbAbstractObject->DisplayBareRelations(Object(iTopWebPage), t | IssueLog |||
array (
  'type' => 1,
  'file' => 'C:\\xampp\\htdocs\\iTop-develop\\web\\env-production\\itop-attachments\\renderers.itop-attachments.php',
  'line' => 553,
)
2023-09-05 11:17:39 | Error   | 1     | Uncaught Error: Call to a member function Get() on null in C:\xampp\htdocs\iTop-develop\web\env-production\itop-attachments\renderers.itop-attachments.php:553
Stack trace:
#0 C:\xampp\htdocs\iTop-develop\web\env-production\itop-attachments\renderers.itop-attachments.php(164): TableDetailsAttachmentsRenderer->AddAttachmentsListContent(true, true, Array, Array)
#1 C:\xampp\htdocs\iTop-develop\web\env-production\itop-attachments\main.itop-attachments.php(273): AbstractAttachmentsRenderer->RenderEditAttachmentsList()
#2 C:\xampp\htdocs\iTop-develop\web\env-production\itop-attachments\main.itop-attachments.php(40): AttachmentPlugIn->DisplayAttachments(Object(UserRequest), Object(iTopWebPage), true)
#3 C:\xampp\htdocs\iTop-develop\web\application\cmdbabstract.class.inc.php(863): AttachmentPlugIn->OnDisplayRelations(Object(UserRequest), Object(iTopWebPage), true)
#4 C:\xampp\htdocs\iTop-develop\web\env-production\itop-tickets\main.itop-tickets.php(280): cmdbAbstractObject->DisplayBareRelations(Object(iTopWebPage), t | IssueLog |||
array (
  'type' => 1,
  'file' => 'C:\\xampp\\htdocs\\iTop-develop\\web\\env-production\\itop-attachments\\renderers.itop-attachments.php',
  'line' => 553,
)
2023-09-05 11:23:28 | Error   | 1     | Uncaught Error: Call to a member function Get() on null in C:\xampp\htdocs\iTop-develop\web\env-production\itop-attachments\renderers.itop-attachments.php:561
Stack trace:
#0 C:\xampp\htdocs\iTop-develop\web\env-production\itop-attachments\renderers.itop-attachments.php(193): TableDetailsAttachmentsRenderer->AddAttachmentsListContent(false, false, Array, Array)
#1 C:\xampp\htdocs\iTop-develop\web\env-production\itop-attachments\main.itop-attachments.php(277): AbstractAttachmentsRenderer->RenderViewAttachmentsList()
#2 C:\xampp\htdocs\iTop-develop\web\env-production\itop-attachments\main.itop-attachments.php(40): AttachmentPlugIn->DisplayAttachments(Object(UserRequest), Object(iTopWebPage), false)
#3 C:\xampp\htdocs\iTop-develop\web\application\cmdbabstract.class.inc.php(863): AttachmentPlugIn->OnDisplayRelations(Object(UserRequest), Object(iTopWebPage), false)
#4 C:\xampp\htdocs\iTop-develop\web\env-production\itop-tickets\main.itop-tickets.php(280): cmdbAbstractObject->DisplayBareRelations(Object(iTopWebPage | IssueLog |||
array (
  'type' => 1,
  'file' => 'C:\\xampp\\htdocs\\iTop-develop\\web\\env-production\\itop-attachments\\renderers.itop-attachments.php',
  'line' => 561,
)
2023-09-05 11:23:35 | Error   | 1     | Uncaught Error: Call to a member function Get() on null in C:\xampp\htdocs\iTop-develop\web\env-production\itop-attachments\renderers.itop-attachments.php:561
Stack trace:
#0 C:\xampp\htdocs\iTop-develop\web\env-production\itop-attachments\renderers.itop-attachments.php(172): TableDetailsAttachmentsRenderer->AddAttachmentsListContent(true, true, Array, Array)
#1 C:\xampp\htdocs\iTop-develop\web\env-production\itop-attachments\main.itop-attachments.php(273): AbstractAttachmentsRenderer->RenderEditAttachmentsList()
#2 C:\xampp\htdocs\iTop-develop\web\env-production\itop-attachments\main.itop-attachments.php(40): AttachmentPlugIn->DisplayAttachments(Object(UserRequest), Object(iTopWebPage), true)
#3 C:\xampp\htdocs\iTop-develop\web\application\cmdbabstract.class.inc.php(863): AttachmentPlugIn->OnDisplayRelations(Object(UserRequest), Object(iTopWebPage), true)
#4 C:\xampp\htdocs\iTop-develop\web\env-production\itop-tickets\main.itop-tickets.php(280): cmdbAbstractObject->DisplayBareRelations(Object(iTopWebPage), t | IssueLog |||
array (
  'type' => 1,
  'file' => 'C:\\xampp\\htdocs\\iTop-develop\\web\\env-production\\itop-attachments\\renderers.itop-attachments.php',
  'line' => 561,
)
2023-09-05 11:24:24 | Error   | 1     | Uncaught Error: Call to a member function Get() on null in C:\xampp\htdocs\iTop-develop\web\env-production\itop-attachments\renderers.itop-attachments.php:563
Stack trace:
#0 C:\xampp\htdocs\iTop-develop\web\env-production\itop-attachments\renderers.itop-attachments.php(195): TableDetailsAttachmentsRenderer->AddAttachmentsListContent(false, false, Array, Array)
#1 C:\xampp\htdocs\iTop-develop\web\env-production\itop-attachments\main.itop-attachments.php(277): AbstractAttachmentsRenderer->RenderViewAttachmentsList()
#2 C:\xampp\htdocs\iTop-develop\web\env-production\itop-attachments\main.itop-attachments.php(40): AttachmentPlugIn->DisplayAttachments(Object(UserRequest), Object(iTopWebPage), false)
#3 C:\xampp\htdocs\iTop-develop\web\application\cmdbabstract.class.inc.php(863): AttachmentPlugIn->OnDisplayRelations(Object(UserRequest), Object(iTopWebPage), false)
#4 C:\xampp\htdocs\iTop-develop\web\env-production\itop-tickets\main.itop-tickets.php(280): cmdbAbstractObject->DisplayBareRelations(Object(iTopWebPage | IssueLog |||
array (
  'type' => 1,
  'file' => 'C:\\xampp\\htdocs\\iTop-develop\\web\\env-production\\itop-attachments\\renderers.itop-attachments.php',
  'line' => 563,
)
2023-09-05 11:28:48 | Error   | 1     | Unexpected value for attribute 'Attachment type' (type_attachment) : Null not allowed: issues = {0=>Unexpected value for attribute 'Attachment type' (type_attachment) : Null not allowed}, class = Attachment, id =  | IssueLog |||
2023-09-05 11:29:07 | Error   | 1     | Unexpected value for attribute 'Attachment type' (type_attachment) : Null not allowed: issues = {0=>Unexpected value for attribute 'Attachment type' (type_attachment) : Null not allowed}, class = Attachment, id =  | IssueLog |||
2023-09-05 11:29:22 | Error   | 1     | Unexpected value for attribute 'Attachment type' (type_attachment) : Null not allowed: issues = {0=>Unexpected value for attribute 'Attachment type' (type_attachment) : Null not allowed}, class = Attachment, id =  | IssueLog |||
2023-09-05 11:31:24 | Error   | 1     | Unexpected value for attribute 'Attachment type' (type_attachment) : Null not allowed: issues = {0=>Unexpected value for attribute 'Attachment type' (type_attachment) : Null not allowed}, class = Attachment, id =  | IssueLog |||
2023-09-05 11:42:00 | Error   | 1     | Unexpected value for attribute 'Attachment type' (type_attachment) : Null not allowed: issues = {0=>Unexpected value for attribute 'Attachment type' (type_attachment) : Null not allowed}, class = Attachment, id =  | IssueLog |||
2023-09-05 12:29:42 | Error   | 1     | Uncaught Error: Call to a member function GetKey() on bool in C:\xampp\htdocs\iTop-develop\web\env-production\itop-attachments\renderers.itop-attachments.php:700
Stack trace:
#0 C:\xampp\htdocs\iTop-develop\web\env-production\itop-attachments\renderers.itop-attachments.php(614): TableDetailsAttachmentsRenderer->AddAttachmentsTableLine(false, false, true, true, Array, Array, Array)
#1 C:\xampp\htdocs\iTop-develop\web\env-production\itop-attachments\renderers.itop-attachments.php(202): TableDetailsAttachmentsRenderer->AddAttachmentsListContent(false, false, Array, Array)
#2 C:\xampp\htdocs\iTop-develop\web\env-production\itop-attachments\main.itop-attachments.php(277): AbstractAttachmentsRenderer->RenderViewAttachmentsList()
#3 C:\xampp\htdocs\iTop-develop\web\env-production\itop-attachments\main.itop-attachments.php(40): AttachmentPlugIn->DisplayAttachments(Object(UserRequest), Object(iTopWebPage), false)
#4 C:\xampp\htdocs\iTop-develop\web\application\cmdbabstract.class.inc.php(863): AttachmentPlugIn->OnDispl | IssueLog |||
array (
  'type' => 1,
  'file' => 'C:\\xampp\\htdocs\\iTop-develop\\web\\env-production\\itop-attachments\\renderers.itop-attachments.php',
  'line' => 700,
)
2023-09-05 12:30:04 | Error   | 1     | Uncaught Error: Call to a member function GetKey() on bool in C:\xampp\htdocs\iTop-develop\web\env-production\itop-attachments\renderers.itop-attachments.php:700
Stack trace:
#0 C:\xampp\htdocs\iTop-develop\web\env-production\itop-attachments\renderers.itop-attachments.php(614): TableDetailsAttachmentsRenderer->AddAttachmentsTableLine(false, false, true, true, Array, Array, Array)
#1 C:\xampp\htdocs\iTop-develop\web\env-production\itop-attachments\renderers.itop-attachments.php(202): TableDetailsAttachmentsRenderer->AddAttachmentsListContent(false, false, Array, Array)
#2 C:\xampp\htdocs\iTop-develop\web\env-production\itop-attachments\main.itop-attachments.php(277): AbstractAttachmentsRenderer->RenderViewAttachmentsList()
#3 C:\xampp\htdocs\iTop-develop\web\env-production\itop-attachments\main.itop-attachments.php(40): AttachmentPlugIn->DisplayAttachments(Object(UserRequest), Object(iTopWebPage), false)
#4 C:\xampp\htdocs\iTop-develop\web\application\cmdbabstract.class.inc.php(863): AttachmentPlugIn->OnDispl | IssueLog |||
array (
  'type' => 1,
  'file' => 'C:\\xampp\\htdocs\\iTop-develop\\web\\env-production\\itop-attachments\\renderers.itop-attachments.php',
  'line' => 700,
)
2023-09-05 12:34:22 | Error   | 1     | Unexpected value for attribute 'Attachment type' (type_attachment) : Null not allowed: issues = {0=>Unexpected value for attribute 'Attachment type' (type_attachment) : Null not allowed}, class = Attachment, id =  | IssueLog |||
2023-09-05 13:30:22 | Error   | 1     | Unexpected value for attribute 'Attachment type' (type_attachment) : Null not allowed: issues = {0=>Unexpected value for attribute 'Attachment type' (type_attachment) : Null not allowed}, class = Attachment, id =  | IssueLog |||
2023-09-05 13:33:17 | Error   | 1     | Unexpected value for attribute 'Attachment type' (type_attachment) : Null not allowed: issues = {0=>Unexpected value for attribute 'Attachment type' (type_attachment) : Null not allowed}, class = Attachment, id =  | IssueLog |||
2023-09-05 14:55:00 | Error   | 1     | Unexpected value for attribute 'Attachment type' (type_attachment) : Null not allowed: issues = {0=>Unexpected value for attribute 'Attachment type' (type_attachment) : Null not allowed}, class = Attachment, id =  | IssueLog |||
2023-09-05 14:55:22 | Error   | 1     | Unexpected value for attribute 'Attachment type' (type_attachment) : Null not allowed: issues = {0=>Unexpected value for attribute 'Attachment type' (type_attachment) : Null not allowed}, class = Attachment, id =  | IssueLog |||
2023-09-05 14:57:23 | Error   | 1     | Unexpected value for attribute 'Attachment type' (type_attachment) : Null not allowed: issues = {0=>Unexpected value for attribute 'Attachment type' (type_attachment) : Null not allowed}, class = Attachment, id =  | IssueLog |||
2023-09-05 14:57:28 | Error   | 1     | Unexpected value for attribute 'Attachment type' (type_attachment) : Null not allowed: issues = {0=>Unexpected value for attribute 'Attachment type' (type_attachment) : Null not allowed}, class = Attachment, id =  | IssueLog |||
2023-09-05 15:16:27 | Error   | 1     | Unexpected value for attribute 'Attachment type' (type_attachment) : Null not allowed: issues = {0=>Unexpected value for attribute 'Attachment type' (type_attachment) : Null not allowed}, class = Attachment, id =  | IssueLog |||
2023-09-05 15:24:03 | Error   | 1     | Unexpected value for attribute 'Attachment type' (type_attachment) : Null not allowed: issues = {0=>Unexpected value for attribute 'Attachment type' (type_attachment) : Null not allowed}, class = Attachment, id =  | IssueLog |||
2023-09-05 15:24:05 | Error   | 1     | Unexpected value for attribute 'Attachment type' (type_attachment) : Null not allowed: issues = {0=>Unexpected value for attribute 'Attachment type' (type_attachment) : Null not allowed}, class = Attachment, id =  | IssueLog |||
2023-09-05 15:24:27 | Error   | 1     | Unexpected value for attribute 'Attachment type' (type_attachment) : Null not allowed: issues = {0=>Unexpected value for attribute 'Attachment type' (type_attachment) : Null not allowed}, class = Attachment, id =  | IssueLog |||
2023-09-05 15:28:38 | Error   | 1     | Unexpected value for attribute 'Attachment type' (type_attachment) : Null not allowed: issues = {0=>Unexpected value for attribute 'Attachment type' (type_attachment) : Null not allowed}, class = Attachment, id =  | IssueLog |||
2023-09-05 16:07:38 | Error   | 2     | Attempted to call an undefined method named "PrepareExistingFilesVente" of class "Combodo\iTop\Renderer\Bootstrap\FieldRenderer\BsFileUploadFieldRenderer". | Symfony\Component\Debug\Exception\UndefinedMethodException |||
array (
  'exception class' => 'Symfony\\Component\\Debug\\Exception\\UndefinedMethodException',
  'file' => 'C:\\xampp\\htdocs\\iTop-develop\\web\\sources\\Renderer\\Bootstrap\\FieldRenderer\\BsFileUploadFieldRenderer.php',
  'line' => 203,
  'uri' => 'http://localhost:8056/iTop-develop/web/pages/exec.php/object/edit/UserRequest/6?exec_module=itop-portal-base&exec_page=index.php&portal_id=itop-portal',
)
2023-09-05 16:55:18 | Error   | 2     | Call to a member function Count() on null | Symfony\Component\Debug\Exception\FatalThrowableError |||
array (
  'exception class' => 'Symfony\\Component\\Debug\\Exception\\FatalThrowableError',
  'file' => 'C:\\xampp\\htdocs\\iTop-develop\\web\\sources\\Renderer\\Bootstrap\\FieldRenderer\\BsFileUploadFieldRenderer.php',
  'line' => 190,
  'uri' => 'http://localhost:8056/iTop-develop/web/pages/exec.php/object/edit/UserRequest/10?exec_module=itop-portal-base&exec_page=index.php&portal_id=itop-portal',
)
2023-09-05 16:56:03 | Error   | 2     | Call to a member function Count() on null | Symfony\Component\Debug\Exception\FatalThrowableError |||
array (
  'exception class' => 'Symfony\\Component\\Debug\\Exception\\FatalThrowableError',
  'file' => 'C:\\xampp\\htdocs\\iTop-develop\\web\\sources\\Renderer\\Bootstrap\\FieldRenderer\\BsFileUploadFieldRenderer.php',
  'line' => 190,
  'uri' => 'http://localhost:8056/iTop-develop/web/pages/exec.php/object/edit/UserRequest/10?exec_module=itop-portal-base&exec_page=index.php&portal_id=itop-portal',
)
2023-09-05 16:59:27 | Error   | 2     | Call to a member function Get() on string | Symfony\Component\Debug\Exception\FatalThrowableError |||
array (
  'exception class' => 'Symfony\\Component\\Debug\\Exception\\FatalThrowableError',
  'file' => 'C:\\xampp\\htdocs\\iTop-develop\\web\\sources\\Renderer\\Bootstrap\\FieldRenderer\\BsFileUploadFieldRenderer.php',
  'line' => 122,
  'uri' => 'http://localhost:8056/iTop-develop/web/pages/exec.php/object/edit/UserRequest/6?exec_module=itop-portal-base&exec_page=index.php&portal_id=itop-portal',
)
2023-09-05 17:00:14 | Error   | 2     | Call to a member function Count() on null | Symfony\Component\Debug\Exception\FatalThrowableError |||
array (
  'exception class' => 'Symfony\\Component\\Debug\\Exception\\FatalThrowableError',
  'file' => 'C:\\xampp\\htdocs\\iTop-develop\\web\\sources\\Renderer\\Bootstrap\\FieldRenderer\\BsFileUploadFieldRenderer.php',
  'line' => 189,
  'uri' => 'http://localhost:8056/iTop-develop/web/pages/exec.php/object/edit/UserRequest/10?exec_module=itop-portal-base&exec_page=index.php&portal_id=itop-portal',
)
2023-09-06 10:04:59 | Error   | 2     | Call to a member function Count() on null | Symfony\Component\Debug\Exception\FatalThrowableError |||
array (
  'exception class' => 'Symfony\\Component\\Debug\\Exception\\FatalThrowableError',
  'file' => 'C:\\xampp\\htdocs\\iTop-develop\\web\\sources\\Renderer\\Bootstrap\\FieldRenderer\\BsFileUploadFieldRenderer.php',
  'line' => 195,
  'uri' => 'http://localhost:8056/iTop-develop/web/pages/exec.php/object/edit/UserRequest/10?exec_module=itop-portal-base&exec_page=index.php&portal_id=itop-portal',
)
2023-09-06 10:06:21 | Error   | 2     | Call to a member function Count() on null | Symfony\Component\Debug\Exception\FatalThrowableError |||
array (
  'exception class' => 'Symfony\\Component\\Debug\\Exception\\FatalThrowableError',
  'file' => 'C:\\xampp\\htdocs\\iTop-develop\\web\\sources\\Renderer\\Bootstrap\\FieldRenderer\\BsFileUploadFieldRenderer.php',
  'line' => 195,
  'uri' => 'http://localhost:8056/iTop-develop/web/pages/exec.php/object/edit/UserRequest/10?exec_module=itop-portal-base&exec_page=index.php&portal_id=itop-portal',
)
2023-09-06 10:09:18 | Error   | 2     | Call to a member function Count() on null | Symfony\Component\Debug\Exception\FatalThrowableError |||
array (
  'exception class' => 'Symfony\\Component\\Debug\\Exception\\FatalThrowableError',
  'file' => 'C:\\xampp\\htdocs\\iTop-develop\\web\\sources\\Renderer\\Bootstrap\\FieldRenderer\\BsFileUploadFieldRenderer.php',
  'line' => 195,
  'uri' => 'http://localhost:8056/iTop-develop/web/pages/exec.php/object/edit/UserRequest/10?exec_module=itop-portal-base&exec_page=index.php&portal_id=itop-portal',
)
2023-09-06 11:16:19 | Error   | 2     | Using $this when not in object context | Symfony\Component\Debug\Exception\FatalThrowableError |||
array (
  'exception class' => 'Symfony\\Component\\Debug\\Exception\\FatalThrowableError',
  'file' => 'C:\\xampp\\htdocs\\iTop-develop\\web\\sources\\Renderer\\Bootstrap\\FieldRenderer\\BsFileUploadFieldRenderer.php',
  'line' => 1362,
  'uri' => 'http://localhost:8056/iTop-develop/web/pages/exec.php/object/edit/UserRequest/10?exec_module=itop-portal-base&exec_page=index.php&portal_id=itop-portal',
)
2023-09-06 12:33:20 | Error   | 2     | Using $this when not in object context | Symfony\Component\Debug\Exception\FatalThrowableError |||
array (
  'exception class' => 'Symfony\\Component\\Debug\\Exception\\FatalThrowableError',
  'file' => 'C:\\xampp\\htdocs\\iTop-develop\\web\\sources\\Renderer\\Bootstrap\\FieldRenderer\\BsFileUploadFieldRenderer.php',
  'line' => 1362,
  'uri' => 'http://localhost:8056/iTop-develop/web/pages/exec.php/object/edit/UserRequest/1?exec_module=itop-portal-base&exec_page=index.php&portal_id=itop-portal',
)
2023-09-06 12:33:50 | Error   | 2     | Using $this when not in object context | Symfony\Component\Debug\Exception\FatalThrowableError |||
array (
  'exception class' => 'Symfony\\Component\\Debug\\Exception\\FatalThrowableError',
  'file' => 'C:\\xampp\\htdocs\\iTop-develop\\web\\sources\\Renderer\\Bootstrap\\FieldRenderer\\BsFileUploadFieldRenderer.php',
  'line' => 1362,
  'uri' => 'http://localhost:8056/iTop-develop/web/pages/exec.php/object/edit/UserRequest/4?exec_module=itop-portal-base&exec_page=index.php&portal_id=itop-portal',
)
2023-09-06 12:33:54 | Error   | 2     | Using $this when not in object context | Symfony\Component\Debug\Exception\FatalThrowableError |||
array (
  'exception class' => 'Symfony\\Component\\Debug\\Exception\\FatalThrowableError',
  'file' => 'C:\\xampp\\htdocs\\iTop-develop\\web\\sources\\Renderer\\Bootstrap\\FieldRenderer\\BsFileUploadFieldRenderer.php',
  'line' => 1362,
  'uri' => 'http://localhost:8056/iTop-develop/web/pages/exec.php/object/edit/UserRequest/10?exec_module=itop-portal-base&exec_page=index.php&portal_id=itop-portal',
)
2023-09-06 12:37:28 | Error   | 2     | Using $this when not in object context | Symfony\Component\Debug\Exception\FatalThrowableError |||
array (
  'exception class' => 'Symfony\\Component\\Debug\\Exception\\FatalThrowableError',
  'file' => 'C:\\xampp\\htdocs\\iTop-develop\\web\\sources\\Renderer\\Bootstrap\\FieldRenderer\\BsFileUploadFieldRenderer.php',
  'line' => 1362,
  'uri' => 'http://localhost:8056/iTop-develop/web/pages/exec.php/object/edit/UserRequest/10?exec_module=itop-portal-base&exec_page=index.php&portal_id=itop-portal',
)
2023-09-06 12:39:05 | Error   | 2     | Using $this when not in object context | Symfony\Component\Debug\Exception\FatalThrowableError |||
array (
  'exception class' => 'Symfony\\Component\\Debug\\Exception\\FatalThrowableError',
  'file' => 'C:\\xampp\\htdocs\\iTop-develop\\web\\sources\\Renderer\\Bootstrap\\FieldRenderer\\BsFileUploadFieldRenderer.php',
  'line' => 1362,
  'uri' => 'http://localhost:8056/iTop-develop/web/pages/exec.php/object/edit/UserRequest/10?exec_module=itop-portal-base&exec_page=index.php&portal_id=itop-portal',
)
2023-09-06 12:39:10 | Error   | 2     | Using $this when not in object context | Symfony\Component\Debug\Exception\FatalThrowableError |||
array (
  'exception class' => 'Symfony\\Component\\Debug\\Exception\\FatalThrowableError',
  'file' => 'C:\\xampp\\htdocs\\iTop-develop\\web\\sources\\Renderer\\Bootstrap\\FieldRenderer\\BsFileUploadFieldRenderer.php',
  'line' => 1362,
  'uri' => 'http://localhost:8056/iTop-develop/web/pages/exec.php/object/edit/UserRequest/3?exec_module=itop-portal-base&exec_page=index.php&portal_id=itop-portal',
)
2023-09-06 12:46:51 | Error   | 2     | Parse error: syntax error, unexpected 'protected' (T_PROTECTED), expecting end of file | Symfony\Component\Debug\Exception\FatalThrowableError |||
array (
  'exception class' => 'Symfony\\Component\\Debug\\Exception\\FatalThrowableError',
  'file' => 'C:\\xampp\\htdocs\\iTop-develop\\web\\sources\\Renderer\\Bootstrap\\FieldRenderer\\BsFileUploadFieldRenderer.php',
  'line' => 1390,
  'uri' => 'http://localhost:8056/iTop-develop/web/pages/exec.php/object/edit/UserRequest/10?exec_module=itop-portal-base&exec_page=index.php&portal_id=itop-portal',
)
2023-09-06 13:33:15 | Error   | 2     | Parse error: syntax error, unexpected 'protected' (T_PROTECTED) | Symfony\Component\Debug\Exception\FatalThrowableError |||
array (
  'exception class' => 'Symfony\\Component\\Debug\\Exception\\FatalThrowableError',
  'file' => 'C:\\xampp\\htdocs\\iTop-develop\\web\\sources\\Renderer\\Bootstrap\\FieldRenderer\\BsFileUploadFieldRenderer.php',
  'line' => 924,
  'uri' => 'http://localhost:8056/iTop-develop/web/pages/exec.php/object/edit/UserRequest/1?exec_module=itop-portal-base&exec_page=index.php&portal_id=itop-portal',
)
2023-09-06 13:35:36 | Error   | 2     | Parse error: syntax error, unexpected 'protected' (T_PROTECTED) | Symfony\Component\Debug\Exception\FatalThrowableError |||
array (
  'exception class' => 'Symfony\\Component\\Debug\\Exception\\FatalThrowableError',
  'file' => 'C:\\xampp\\htdocs\\iTop-develop\\web\\sources\\Renderer\\Bootstrap\\FieldRenderer\\BsFileUploadFieldRenderer.php',
  'line' => 924,
  'uri' => 'http://localhost:8056/iTop-develop/web/pages/exec.php/object/edit/UserRequest/1?exec_module=itop-portal-base&exec_page=index.php&portal_id=itop-portal',
)
2023-09-06 13:35:54 | Error   | 2     | Parse error: syntax error, unexpected 'protected' (T_PROTECTED) | Symfony\Component\Debug\Exception\FatalThrowableError |||
array (
  'exception class' => 'Symfony\\Component\\Debug\\Exception\\FatalThrowableError',
  'file' => 'C:\\xampp\\htdocs\\iTop-develop\\web\\sources\\Renderer\\Bootstrap\\FieldRenderer\\BsFileUploadFieldRenderer.php',
  'line' => 924,
  'uri' => 'http://localhost:8056/iTop-develop/web/pages/exec.php/object/edit/UserRequest/1?exec_module=itop-portal-base&exec_page=index.php&portal_id=itop-portal',
)
2023-09-06 13:36:06 | Error   | 2     | Parse error: syntax error, unexpected 'protected' (T_PROTECTED) | Symfony\Component\Debug\Exception\FatalThrowableError |||
array (
  'exception class' => 'Symfony\\Component\\Debug\\Exception\\FatalThrowableError',
  'file' => 'C:\\xampp\\htdocs\\iTop-develop\\web\\sources\\Renderer\\Bootstrap\\FieldRenderer\\BsFileUploadFieldRenderer.php',
  'line' => 924,
  'uri' => 'http://localhost:8056/iTop-develop/web/pages/exec.php/object/edit/UserRequest/1?exec_module=itop-portal-base&exec_page=index.php&portal_id=itop-portal',
)
2023-09-06 13:51:56 | Error   | 2     | Parse error: syntax error, unexpected 'protected' (T_PROTECTED) | Symfony\Component\Debug\Exception\FatalThrowableError |||
array (
  'exception class' => 'Symfony\\Component\\Debug\\Exception\\FatalThrowableError',
  'file' => 'C:\\xampp\\htdocs\\iTop-develop\\web\\sources\\Renderer\\Bootstrap\\FieldRenderer\\BsFileUploadFieldRenderer.php',
  'line' => 732,
  'uri' => 'http://localhost:8056/iTop-develop/web/pages/exec.php/object/edit/UserRequest/1?exec_module=itop-portal-base&exec_page=index.php&portal_id=itop-portal',
)
2023-09-06 13:54:07 | Error   | 2     | Parse error: syntax error, unexpected 'protected' (T_PROTECTED) | Symfony\Component\Debug\Exception\FatalThrowableError |||
array (
  'exception class' => 'Symfony\\Component\\Debug\\Exception\\FatalThrowableError',
  'file' => 'C:\\xampp\\htdocs\\iTop-develop\\web\\sources\\Renderer\\Bootstrap\\FieldRenderer\\BsFileUploadFieldRenderer.php',
  'line' => 924,
  'uri' => 'http://localhost:8056/iTop-develop/web/pages/exec.php/object/edit/UserRequest/1?exec_module=itop-portal-base&exec_page=index.php&portal_id=itop-portal',
)
2023-09-06 13:55:42 | Error   | 2     | Parse error: syntax error, unexpected 'protected' (T_PROTECTED) | Symfony\Component\Debug\Exception\FatalThrowableError |||
array (
  'exception class' => 'Symfony\\Component\\Debug\\Exception\\FatalThrowableError',
  'file' => 'C:\\xampp\\htdocs\\iTop-develop\\web\\sources\\Renderer\\Bootstrap\\FieldRenderer\\BsFileUploadFieldRenderer.php',
  'line' => 676,
  'uri' => 'http://localhost:8056/iTop-develop/web/pages/exec.php/object/edit/UserRequest/1?exec_module=itop-portal-base&exec_page=index.php&portal_id=itop-portal',
)
2023-09-06 13:55:45 | Error   | 2     | Parse error: syntax error, unexpected 'protected' (T_PROTECTED) | Symfony\Component\Debug\Exception\FatalThrowableError |||
array (
  'exception class' => 'Symfony\\Component\\Debug\\Exception\\FatalThrowableError',
  'file' => 'C:\\xampp\\htdocs\\iTop-develop\\web\\sources\\Renderer\\Bootstrap\\FieldRenderer\\BsFileUploadFieldRenderer.php',
  'line' => 676,
  'uri' => 'http://localhost:8056/iTop-develop/web/pages/exec.php/object/edit/UserRequest/1?exec_module=itop-portal-base&exec_page=index.php&portal_id=itop-portal',
)
2023-09-06 13:55:50 | Error   | 2     | Parse error: syntax error, unexpected 'protected' (T_PROTECTED) | Symfony\Component\Debug\Exception\FatalThrowableError |||
array (
  'exception class' => 'Symfony\\Component\\Debug\\Exception\\FatalThrowableError',
  'file' => 'C:\\xampp\\htdocs\\iTop-develop\\web\\sources\\Renderer\\Bootstrap\\FieldRenderer\\BsFileUploadFieldRenderer.php',
  'line' => 676,
  'uri' => 'http://localhost:8056/iTop-develop/web/pages/exec.php/object/edit/UserRequest/6?exec_module=itop-portal-base&exec_page=index.php&portal_id=itop-portal',
)
2023-09-06 13:58:44 | Error   | 2     | Parse error: syntax error, unexpected 'protected' (T_PROTECTED) | Symfony\Component\Debug\Exception\FatalThrowableError |||
array (
  'exception class' => 'Symfony\\Component\\Debug\\Exception\\FatalThrowableError',
  'file' => 'C:\\xampp\\htdocs\\iTop-develop\\web\\sources\\Renderer\\Bootstrap\\FieldRenderer\\BsFileUploadFieldRenderer.php',
  'line' => 924,
  'uri' => 'http://localhost:8056/iTop-develop/web/pages/exec.php/object/edit/UserRequest/1?exec_module=itop-portal-base&exec_page=index.php&portal_id=itop-portal',
)
2023-09-06 14:05:42 | Error   | 2     | Call to a member function Count() on null | Symfony\Component\Debug\Exception\FatalThrowableError |||
array (
  'exception class' => 'Symfony\\Component\\Debug\\Exception\\FatalThrowableError',
  'file' => 'C:\\xampp\\htdocs\\iTop-develop\\web\\sources\\Renderer\\Bootstrap\\FieldRenderer\\BsFileUploadFieldRenderer.php',
  'line' => 198,
  'uri' => 'http://localhost:8056/iTop-develop/web/pages/exec.php/object/edit/UserRequest/10?exec_module=itop-portal-base&exec_page=index.php&portal_id=itop-portal',
)
2023-09-06 14:08:49 | Error   | 2     | Call to a member function Count() on null | Symfony\Component\Debug\Exception\FatalThrowableError |||
array (
  'exception class' => 'Symfony\\Component\\Debug\\Exception\\FatalThrowableError',
  'file' => 'C:\\xampp\\htdocs\\iTop-develop\\web\\sources\\Renderer\\Bootstrap\\FieldRenderer\\BsFileUploadFieldRenderer.php',
  'line' => 199,
  'uri' => 'http://localhost:8056/iTop-develop/web/pages/exec.php/object/edit/UserRequest/10?exec_module=itop-portal-base&exec_page=index.php&portal_id=itop-portal',
)
2023-09-06 14:10:24 | Error   | 2     | Call to a member function Count() on null | Symfony\Component\Debug\Exception\FatalThrowableError |||
array (
  'exception class' => 'Symfony\\Component\\Debug\\Exception\\FatalThrowableError',
  'file' => 'C:\\xampp\\htdocs\\iTop-develop\\web\\sources\\Renderer\\Bootstrap\\FieldRenderer\\BsFileUploadFieldRenderer.php',
  'line' => 199,
  'uri' => 'http://localhost:8056/iTop-develop/web/pages/exec.php/object/edit/UserRequest/10?exec_module=itop-portal-base&exec_page=index.php&portal_id=itop-portal',
)
2023-09-06 14:11:07 | Error   | 2     | Call to a member function Count() on null | Symfony\Component\Debug\Exception\FatalThrowableError |||
array (
  'exception class' => 'Symfony\\Component\\Debug\\Exception\\FatalThrowableError',
  'file' => 'C:\\xampp\\htdocs\\iTop-develop\\web\\sources\\Renderer\\Bootstrap\\FieldRenderer\\BsFileUploadFieldRenderer.php',
  'line' => 199,
  'uri' => 'http://localhost:8056/iTop-develop/web/pages/exec.php/object/edit/UserRequest/10?exec_module=itop-portal-base&exec_page=index.php&portal_id=itop-portal',
)
2023-09-06 14:17:10 | Error   | 2     | Type error: Too few arguments to function Combodo\iTop\Renderer\Bootstrap\FieldRenderer\BsFileUploadFieldRenderer::GetAttachmentTableRow(), 12 passed in C:\xampp\htdocs\iTop-develop\web\sources\Renderer\Bootstrap\FieldRenderer\BsFileUploadFieldRenderer.php on line 244 and exactly 14 expected | Symfony\Component\Debug\Exception\FatalThrowableError |||
array (
  'exception class' => 'Symfony\\Component\\Debug\\Exception\\FatalThrowableError',
  'file' => 'C:\\xampp\\htdocs\\iTop-develop\\web\\sources\\Renderer\\Bootstrap\\FieldRenderer\\BsFileUploadFieldRenderer.php',
  'line' => 1638,
  'uri' => 'http://localhost:8056/iTop-develop/web/pages/exec.php/object/edit/UserRequest/10?exec_module=itop-portal-base&exec_page=index.php&portal_id=itop-portal',
)
2023-09-06 15:10:10 | Error   | 2     | Parse error: Invalid body indentation level (expecting an indentation level of at least 1) | Symfony\Component\Debug\Exception\FatalThrowableError |||
array (
  'exception class' => 'Symfony\\Component\\Debug\\Exception\\FatalThrowableError',
  'file' => 'C:\\xampp\\htdocs\\iTop-develop\\web\\sources\\Renderer\\Bootstrap\\FieldRenderer\\BsFileUploadFieldRenderer.php',
  'line' => 200,
  'uri' => 'http://localhost:8056/iTop-develop/web/pages/exec.php/object/edit/UserRequest/1?exec_module=itop-portal-base&exec_page=index.php&portal_id=itop-portal',
)
2023-09-06 15:10:17 | Error   | 2     | Parse error: Invalid body indentation level (expecting an indentation level of at least 1) | Symfony\Component\Debug\Exception\FatalThrowableError |||
array (
  'exception class' => 'Symfony\\Component\\Debug\\Exception\\FatalThrowableError',
  'file' => 'C:\\xampp\\htdocs\\iTop-develop\\web\\sources\\Renderer\\Bootstrap\\FieldRenderer\\BsFileUploadFieldRenderer.php',
  'line' => 200,
  'uri' => 'http://localhost:8056/iTop-develop/web/pages/exec.php/object/edit/UserRequest/6?exec_module=itop-portal-base&exec_page=index.php&portal_id=itop-portal',
)
2023-09-06 15:10:29 | Error   | 2     | Parse error: Invalid body indentation level (expecting an indentation level of at least 1) | Symfony\Component\Debug\Exception\FatalThrowableError |||
array (
  'exception class' => 'Symfony\\Component\\Debug\\Exception\\FatalThrowableError',
  'file' => 'C:\\xampp\\htdocs\\iTop-develop\\web\\sources\\Renderer\\Bootstrap\\FieldRenderer\\BsFileUploadFieldRenderer.php',
  'line' => 200,
  'uri' => 'http://localhost:8056/iTop-develop/web/pages/exec.php/object/edit/UserRequest/1?exec_module=itop-portal-base&exec_page=index.php&portal_id=itop-portal',
)
2023-09-06 15:10:34 | Error   | 2     | Parse error: Invalid body indentation level (expecting an indentation level of at least 1) | Symfony\Component\Debug\Exception\FatalThrowableError |||
array (
  'exception class' => 'Symfony\\Component\\Debug\\Exception\\FatalThrowableError',
  'file' => 'C:\\xampp\\htdocs\\iTop-develop\\web\\sources\\Renderer\\Bootstrap\\FieldRenderer\\BsFileUploadFieldRenderer.php',
  'line' => 200,
  'uri' => 'http://localhost:8056/iTop-develop/web/pages/exec.php/object/edit/UserRequest/1?exec_module=itop-portal-base&exec_page=index.php&portal_id=itop-portal',
)
2023-09-06 18:02:33 | Error   | 2     | Attempted to call an undefined method named "GetUploadEndpointVente" of class "Combodo\iTop\Form\Field\FileUploadField".
Did you mean to call e.g. "GetUploadEndpoint" or "SetUploadEndpoint"? | Symfony\Component\Debug\Exception\UndefinedMethodException |||
array (
  'exception class' => 'Symfony\\Component\\Debug\\Exception\\UndefinedMethodException',
  'file' => 'C:\\xampp\\htdocs\\iTop-develop\\web\\sources\\Renderer\\Bootstrap\\FieldRenderer\\BsFileUploadFieldRenderer.php',
  'line' => 579,
  'uri' => 'http://localhost:8056/iTop-develop/web/pages/exec.php/object/edit/UserRequest/1?exec_module=itop-portal-base&exec_page=index.php&portal_id=itop-portal',
)
2023-09-06 18:02:47 | Error   | 2     | Attempted to call an undefined method named "GetUploadEndpointVente" of class "Combodo\iTop\Form\Field\FileUploadField".
Did you mean to call e.g. "GetUploadEndpoint" or "SetUploadEndpoint"? | Symfony\Component\Debug\Exception\UndefinedMethodException |||
array (
  'exception class' => 'Symfony\\Component\\Debug\\Exception\\UndefinedMethodException',
  'file' => 'C:\\xampp\\htdocs\\iTop-develop\\web\\sources\\Renderer\\Bootstrap\\FieldRenderer\\BsFileUploadFieldRenderer.php',
  'line' => 579,
  'uri' => 'http://localhost:8056/iTop-develop/web/pages/exec.php/object/edit/UserRequest/1?exec_module=itop-portal-base&exec_page=index.php&portal_id=itop-portal',
)
2023-09-07 12:55:15 | Error   | 2     | Requte incorrecte | Symfony\Component\HttpKernel\Exception\HttpException |||
array (
  'exception class' => 'Symfony\\Component\\HttpKernel\\Exception\\HttpException',
  'file' => 'C:\\xampp\\htdocs\\iTop-develop\\web\\env-production\\itop-portal-base\\portal\\src\\Controller\\ObjectController.php',
  'line' => 1226,
  'uri' => 'http://localhost:8056/iTop-develop/web/pages/exec.php/object/attachment/add?exec_module=itop-portal-base&exec_page=index.php&portal_id=itop-portal',
)
